<?xml version="1.0" encoding="UTF-8"?>
<!-- Generated by org.testng.reporters.JUnitXMLReporter -->
<testsuite ignored="0" hostname="Jebin-T490" failures="0" tests="3" name="Default test" time="77.934" errors="0" timestamp="12 Jul 2022 16:10:49 GMT">
  <testcase classname="testngLearn.WalletHubLogin" name="loginWalletHub" time="24.507"/>
  <testcase classname="testngLearn.WalletHubLogin" name="loginWalletHub" time="24.357"/>
  <testcase classname="testngLearn.WalletHubLogin" name="loginWalletHub" time="24.389"/>
</testsuite> <!-- Default test -->
