<?xml version="1.0" encoding="UTF-8"?>
<!-- Generated by org.testng.reporters.JUnitXMLReporter -->
<testsuite ignored="0" hostname="Jebin-ZephG14" failures="1" tests="2" name="Credit Cards" time="0.01" errors="0" timestamp="14 Jul 2022 07:03:16 GMT">
  <testcase classname="testngLearn.CcSearchTools" name="verifyCardTemplate" time="0.005">
    <failure type="junit.framework.AssertionFailedError">
      <![CDATA[junit.framework.AssertionFailedError
at junit.framework.Assert.fail(Assert.java:47)
at junit.framework.Assert.fail(Assert.java:53)
at testngLearn.CcSearchTools.verifyCardTemplate(CcSearchTools.java:13)
... Removed 25 stack frames]]>
    </failure>
  </testcase> <!-- verifyCardTemplate -->
  <testcase classname="testngLearn.CcSearchTools" name="verifyDescription" time="0.001"/>
</testsuite> <!-- Credit Cards -->
